Added Component: Designator=C1(RAD-0.3)
Add component. Clean all parameters for all variants
Add component (AddParameter): Name = "LatestRevisionDate"; Value = "17-Jul-2002"; VariantName = "[No Variations]"
Add component (AddParameter): Name = "LatestRevisionNote"; Value = "Re-released for DXP Platform."; VariantName = "[No Variations]"
Add component (AddParameter): Name = "PackageDescription"; Value = "Radial Cap, Thru-Hole; 2 Leads; 0.3 in Pin Spacing"; VariantName = "[No Variations]"
Add component (AddParameter): Name = "PackageReference"; Value = "RAD-0.3"; VariantName = "[No Variations]"
Add component (AddParameter): Name = "Published"; Value = "8-Jun-2000"; VariantName = "[No Variations]"
Add component (AddParameter): Name = "Publisher"; Value = "Altium Limited"; VariantName = "[No Variations]"
Add component (AddParameter): Name = "Value"; Value = "10nF"; VariantName = "[No Variations]"
Added Component: Designator=C1(C 0805)
Add component. Clean all parameters for all variants
Add component (AddParameter): Name = "Capacitance"; Value = "47nF"; VariantName = "[No Variations]"
Add component (AddParameter): Name = "Capacitance Tolerance"; Value = "+/-10%"; VariantName = "[No Variations]"
Add component (AddParameter): Name = "Ceramic Type"; Value = "X7R"; VariantName = "[No Variations]"
Add component (AddParameter): Name = "ComponentLink1Description"; Value = "Manufacturer"; VariantName = "[No Variations]"
Add component (AddParameter): Name = "ComponentLink1URL"; Value = "http://www.we-online.de"; VariantName = "[No Variations]"
Add component (AddParameter): Name = "ComponentLink2Description"; Value = "Datasheet"; VariantName = "[No Variations]"
Add component (AddParameter): Name = "ComponentLink2URL"; Value = "https://www.we-online.com/catalog/datasheet/885012207126.pdf"; VariantName = "[No Variations]"
Add component (AddParameter): Name = "Dissipation Factor"; Value = "#NAME?"; VariantName = "[No Variations]"
Add component (AddParameter): Name = "Height"; Value = "1.25mm"; VariantName = "[No Variations]"
Add component (AddParameter): Name = "Isolation Resistance"; Value = ">=2.1GOhm"; VariantName = "[No Variations]"
Add component (AddParameter): Name = "Manufacturer"; Value = "Wurth Elektronik"; VariantName = "[No Variations]"
Add component (AddParameter): Name = "Manufacturer Part Number"; Value = "885012207126"; VariantName = "[No Variations]"
Add component (AddParameter): Name = "Mounting Technology"; Value = "SMT"; VariantName = "[No Variations]"
Add component (AddParameter): Name = "Operating Temperature"; Value = "-55 to +125degC"; VariantName = "[No Variations]"
Add component (AddParameter): Name = "Packaging"; Value = "Tape and Reel"; VariantName = "[No Variations]"
Add component (AddParameter): Name = "Published Date"; Value = "May 2020"; VariantName = "[No Variations]"
Add component (AddParameter): Name = "Rated Voltage"; Value = "100VDC"; VariantName = "[No Variations]"
Add component (AddParameter): Name = "Size"; Value = "0805"; VariantName = "[No Variations]"
Add component (AddParameter): Name = "Technical Reference"; Value = "X7R0805473K100DFCT10000"; VariantName = "[No Variations]"
Added Component: Designator=C2(RAD-0.3)
Add component. Clean all parameters for all variants
Add component (AddParameter): Name = "LatestRevisionDate"; Value = "17-Jul-2002"; VariantName = "[No Variations]"
Add component (AddParameter): Name = "LatestRevisionNote"; Value = "Re-released for DXP Platform."; VariantName = "[No Variations]"
Add component (AddParameter): Name = "PackageDescription"; Value = "Radial Cap, Thru-Hole; 2 Leads; 0.3 in Pin Spacing"; VariantName = "[No Variations]"
Add component (AddParameter): Name = "PackageReference"; Value = "RAD-0.3"; VariantName = "[No Variations]"
Add component (AddParameter): Name = "Published"; Value = "8-Jun-2000"; VariantName = "[No Variations]"
Add component (AddParameter): Name = "Publisher"; Value = "Altium Limited"; VariantName = "[No Variations]"
Add component (AddParameter): Name = "Value"; Value = "1uF"; VariantName = "[No Variations]"
Added Component: Designator=C2(C 1206)
Add component. Clean all parameters for all variants
Add component (AddParameter): Name = "Capacitance"; Value = "2.2uF"; VariantName = "[No Variations]"
Add component (AddParameter): Name = "Capacitance Tolerance"; Value = "+/-10%"; VariantName = "[No Variations]"
Add component (AddParameter): Name = "Ceramic Type"; Value = "X7R"; VariantName = "[No Variations]"
Add component (AddParameter): Name = "ComponentLink1Description"; Value = "Manufacturer"; VariantName = "[No Variations]"
Add component (AddParameter): Name = "ComponentLink1URL"; Value = "http://www.we-online.de"; VariantName = "[No Variations]"
Add component (AddParameter): Name = "ComponentLink2Description"; Value = "Datasheet"; VariantName = "[No Variations]"
Add component (AddParameter): Name = "ComponentLink2URL"; Value = "https://katalog.we-online.com/pbs/datasheet/885012208015.pdf"; VariantName = "[No Variations]"
Add component (AddParameter): Name = "Dissipation Factor"; Value = "#NAME?"; VariantName = "[No Variations]"
Add component (AddParameter): Name = "Height"; Value = "1.15mm +/-0.15mm"; VariantName = "[No Variations]"
Add component (AddParameter): Name = "Isolation Resistance"; Value = ">=0.2GOhm"; VariantName = "[No Variations]"
Add component (AddParameter): Name = "Mounting Technology"; Value = "SMT"; VariantName = "[No Variations]"
Add component (AddParameter): Name = "Operating Temperature"; Value = "-55 to +125degC"; VariantName = "[No Variations]"
Add component (AddParameter): Name = "Packaging"; Value = "Tape and Reel"; VariantName = "[No Variations]"
Add component (AddParameter): Name = "Part Number"; Value = "885012208015"; VariantName = "[No Variations]"
Add component (AddParameter): Name = "Published Date"; Value = "August 2019"; VariantName = "[No Variations]"
Add component (AddParameter): Name = "Publisher"; Value = "Wurth Elektronik"; VariantName = "[No Variations]"
Add component (AddParameter): Name = "Rated Voltage"; Value = "10VDC"; VariantName = "[No Variations]"
Add component (AddParameter): Name = "Size"; Value = "1206"; VariantName = "[No Variations]"
Add component (AddParameter): Name = "Technical Reference"; Value = "X7R1206225K010DFCT10000"; VariantName = "[No Variations]"
Added Component: Designator=C3(RAD-0.3)
Add component. Clean all parameters for all variants
Add component (AddParameter): Name = "LatestRevisionDate"; Value = "17-Jul-2002"; VariantName = "[No Variations]"
Add component (AddParameter): Name = "LatestRevisionNote"; Value = "Re-released for DXP Platform."; VariantName = "[No Variations]"
Add component (AddParameter): Name = "PackageDescription"; Value = "Radial Cap, Thru-Hole; 2 Leads; 0.3 in Pin Spacing"; VariantName = "[No Variations]"
Add component (AddParameter): Name = "PackageReference"; Value = "RAD-0.3"; VariantName = "[No Variations]"
Add component (AddParameter): Name = "Published"; Value = "8-Jun-2000"; VariantName = "[No Variations]"
Add component (AddParameter): Name = "Publisher"; Value = "Altium Limited"; VariantName = "[No Variations]"
Add component (AddParameter): Name = "Value"; Value = "1uF"; VariantName = "[No Variations]"
Added Component: Designator=C3(C 1206)
Add component. Clean all parameters for all variants
Add component (AddParameter): Name = "Capacitance"; Value = "1uF"; VariantName = "[No Variations]"
Add component (AddParameter): Name = "Capacitance Tolerance"; Value = "+/-10%"; VariantName = "[No Variations]"
Add component (AddParameter): Name = "Ceramic Type"; Value = "X7R"; VariantName = "[No Variations]"
Add component (AddParameter): Name = "ComponentLink1Description"; Value = "Manufacturer"; VariantName = "[No Variations]"
Add component (AddParameter): Name = "ComponentLink1URL"; Value = "http://www.we-online.de"; VariantName = "[No Variations]"
Add component (AddParameter): Name = "ComponentLink2Description"; Value = "Datasheet"; VariantName = "[No Variations]"
Add component (AddParameter): Name = "ComponentLink2URL"; Value = "https://katalog.we-online.com/pbs/datasheet/885012208013.pdf"; VariantName = "[No Variations]"
Add component (AddParameter): Name = "Dissipation Factor"; Value = "#NAME?"; VariantName = "[No Variations]"
Add component (AddParameter): Name = "Height"; Value = "1.15mm +/-0.15mm"; VariantName = "[No Variations]"
Add component (AddParameter): Name = "Isolation Resistance"; Value = ">=0.5GOhm"; VariantName = "[No Variations]"
Add component (AddParameter): Name = "Mounting Technology"; Value = "SMT"; VariantName = "[No Variations]"
Add component (AddParameter): Name = "Operating Temperature"; Value = "-55 to +125degC"; VariantName = "[No Variations]"
Add component (AddParameter): Name = "Packaging"; Value = "Tape and Reel"; VariantName = "[No Variations]"
Add component (AddParameter): Name = "Part Number"; Value = "885012208013"; VariantName = "[No Variations]"
Add component (AddParameter): Name = "Published Date"; Value = "August 2019"; VariantName = "[No Variations]"
Add component (AddParameter): Name = "Publisher"; Value = "Wurth Elektronik"; VariantName = "[No Variations]"
Add component (AddParameter): Name = "Rated Voltage"; Value = "10VDC"; VariantName = "[No Variations]"
Add component (AddParameter): Name = "Size"; Value = "1206"; VariantName = "[No Variations]"
Add component (AddParameter): Name = "Technical Reference"; Value = "X7R1206105K010DFCT10000"; VariantName = "[No Variations]"
Added Component: Designator=C4(CAPC2012X135N)
Add component. Clean all parameters for all variants
Add component (AddParameter): Name = "Arrow Part Number"; Value = ""; VariantName = "[No Variations]"
Add component (AddParameter): Name = "Arrow Price/Stock"; Value = ""; VariantName = "[No Variations]"
Add component (AddParameter): Name = "Datasheet Link"; Value = "https://katalog.we-online.com/pbs/datasheet/885012207126.pdf"; VariantName = "[No Variations]"
Add component (AddParameter): Name = "Height"; Value = "1.35mm"; VariantName = "[No Variations]"
Add component (AddParameter): Name = "Manufacturer_Name"; Value = "Wurth Elektronik"; VariantName = "[No Variations]"
Add component (AddParameter): Name = "Manufacturer_Part_Number"; Value = "885012207126"; VariantName = "[No Variations]"
Add component (AddParameter): Name = "Mouser Part Number"; Value = "710-885012207126"; VariantName = "[No Variations]"
Add component (AddParameter): Name = "Mouser Price/Stock"; Value = "https://www.mouser.co.uk/ProductDetail/Wurth-Elektronik/885012207126?qs=MLItCLRbWsx1mdA6iQ1T9Q%3D%3D"; VariantName = "[No Variations]"
Add component (AddParameter): Name = "Mouser Testing Part Number"; Value = ""; VariantName = "[No Variations]"
Add component (AddParameter): Name = "Mouser Testing Price/Stock"; Value = ""; VariantName = "[No Variations]"
Added Component: Designator=C4(C 1206)
Add component. Clean all parameters for all variants
Add component (AddParameter): Name = "Capacitance"; Value = "1uF"; VariantName = "[No Variations]"
Add component (AddParameter): Name = "Capacitance Tolerance"; Value = "+/-10%"; VariantName = "[No Variations]"
Add component (AddParameter): Name = "Ceramic Type"; Value = "X7R"; VariantName = "[No Variations]"
Add component (AddParameter): Name = "ComponentLink1Description"; Value = "Manufacturer"; VariantName = "[No Variations]"
Add component (AddParameter): Name = "ComponentLink1URL"; Value = "http://www.we-online.de"; VariantName = "[No Variations]"
Add component (AddParameter): Name = "ComponentLink2Description"; Value = "Datasheet"; VariantName = "[No Variations]"
Add component (AddParameter): Name = "ComponentLink2URL"; Value = "https://katalog.we-online.com/pbs/datasheet/885012208013.pdf"; VariantName = "[No Variations]"
Add component (AddParameter): Name = "Dissipation Factor"; Value = "#NAME?"; VariantName = "[No Variations]"
Add component (AddParameter): Name = "Height"; Value = "1.15mm +/-0.15mm"; VariantName = "[No Variations]"
Add component (AddParameter): Name = "Isolation Resistance"; Value = ">=0.5GOhm"; VariantName = "[No Variations]"
Add component (AddParameter): Name = "Mounting Technology"; Value = "SMT"; VariantName = "[No Variations]"
Add component (AddParameter): Name = "Operating Temperature"; Value = "-55 to +125degC"; VariantName = "[No Variations]"
Add component (AddParameter): Name = "Packaging"; Value = "Tape and Reel"; VariantName = "[No Variations]"
Add component (AddParameter): Name = "Part Number"; Value = "885012208013"; VariantName = "[No Variations]"
Add component (AddParameter): Name = "Published Date"; Value = "August 2019"; VariantName = "[No Variations]"
Add component (AddParameter): Name = "Publisher"; Value = "Wurth Elektronik"; VariantName = "[No Variations]"
Add component (AddParameter): Name = "Rated Voltage"; Value = "10VDC"; VariantName = "[No Variations]"
Add component (AddParameter): Name = "Size"; Value = "1206"; VariantName = "[No Variations]"
Add component (AddParameter): Name = "Technical Reference"; Value = "X7R1206105K010DFCT10000"; VariantName = "[No Variations]"
Added Component: Designator=C5(RAD-0.3)
Add component. Clean all parameters for all variants
Add component (AddParameter): Name = "LatestRevisionDate"; Value = "17-Jul-2002"; VariantName = "[No Variations]"
Add component (AddParameter): Name = "LatestRevisionNote"; Value = "Re-released for DXP Platform."; VariantName = "[No Variations]"
Add component (AddParameter): Name = "PackageDescription"; Value = "Radial Cap, Thru-Hole; 2 Leads; 0.3 in Pin Spacing"; VariantName = "[No Variations]"
Add component (AddParameter): Name = "PackageReference"; Value = "RAD-0.3"; VariantName = "[No Variations]"
Add component (AddParameter): Name = "Published"; Value = "8-Jun-2000"; VariantName = "[No Variations]"
Add component (AddParameter): Name = "Publisher"; Value = "Altium Limited"; VariantName = "[No Variations]"
Add component (AddParameter): Name = "Value"; Value = "1uF"; VariantName = "[No Variations]"
Added Component: Designator=C5(C 0805)
Add component. Clean all parameters for all variants
Add component (AddParameter): Name = "Capacitance"; Value = "47nF"; VariantName = "[No Variations]"
Add component (AddParameter): Name = "Capacitance Tolerance"; Value = "+/-10%"; VariantName = "[No Variations]"
Add component (AddParameter): Name = "Ceramic Type"; Value = "X7R"; VariantName = "[No Variations]"
Add component (AddParameter): Name = "ComponentLink1Description"; Value = "Manufacturer"; VariantName = "[No Variations]"
Add component (AddParameter): Name = "ComponentLink1URL"; Value = "http://www.we-online.de"; VariantName = "[No Variations]"
Add component (AddParameter): Name = "ComponentLink2Description"; Value = "Datasheet"; VariantName = "[No Variations]"
Add component (AddParameter): Name = "ComponentLink2URL"; Value = "https://www.we-online.com/catalog/datasheet/885012207126.pdf"; VariantName = "[No Variations]"
Add component (AddParameter): Name = "Dissipation Factor"; Value = "#NAME?"; VariantName = "[No Variations]"
Add component (AddParameter): Name = "Height"; Value = "1.25mm"; VariantName = "[No Variations]"
Add component (AddParameter): Name = "Isolation Resistance"; Value = ">=2.1GOhm"; VariantName = "[No Variations]"
Add component (AddParameter): Name = "Manufacturer"; Value = "Wurth Elektronik"; VariantName = "[No Variations]"
Add component (AddParameter): Name = "Manufacturer Part Number"; Value = "885012207126"; VariantName = "[No Variations]"
Add component (AddParameter): Name = "Mounting Technology"; Value = "SMT"; VariantName = "[No Variations]"
Add component (AddParameter): Name = "Operating Temperature"; Value = "-55 to +125degC"; VariantName = "[No Variations]"
Add component (AddParameter): Name = "Packaging"; Value = "Tape and Reel"; VariantName = "[No Variations]"
Add component (AddParameter): Name = "Published Date"; Value = "May 2020"; VariantName = "[No Variations]"
Add component (AddParameter): Name = "Rated Voltage"; Value = "100VDC"; VariantName = "[No Variations]"
Add component (AddParameter): Name = "Size"; Value = "0805"; VariantName = "[No Variations]"
Add component (AddParameter): Name = "Technical Reference"; Value = "X7R0805473K100DFCT10000"; VariantName = "[No Variations]"
Added Component: Designator=C6(RAD-0.3)
Add component. Clean all parameters for all variants
Add component (AddParameter): Name = "LatestRevisionDate"; Value = "17-Jul-2002"; VariantName = "[No Variations]"
Add component (AddParameter): Name = "LatestRevisionNote"; Value = "Re-released for DXP Platform."; VariantName = "[No Variations]"
Add component (AddParameter): Name = "PackageDescription"; Value = "Radial Cap, Thru-Hole; 2 Leads; 0.3 in Pin Spacing"; VariantName = "[No Variations]"
Add component (AddParameter): Name = "PackageReference"; Value = "RAD-0.3"; VariantName = "[No Variations]"
Add component (AddParameter): Name = "Published"; Value = "8-Jun-2000"; VariantName = "[No Variations]"
Add component (AddParameter): Name = "Publisher"; Value = "Altium Limited"; VariantName = "[No Variations]"
Add component (AddParameter): Name = "Value"; Value = "10nF"; VariantName = "[No Variations]"
Added Component: Designator=C6(C 1206)
Add component. Clean all parameters for all variants
Add component (AddParameter): Name = "Capacitance"; Value = "1uF"; VariantName = "[No Variations]"
Add component (AddParameter): Name = "Capacitance Tolerance"; Value = "+/-10%"; VariantName = "[No Variations]"
Add component (AddParameter): Name = "Ceramic Type"; Value = "X7R"; VariantName = "[No Variations]"
Add component (AddParameter): Name = "ComponentLink1Description"; Value = "Manufacturer"; VariantName = "[No Variations]"
Add component (AddParameter): Name = "ComponentLink1URL"; Value = "http://www.we-online.de"; VariantName = "[No Variations]"
Add component (AddParameter): Name = "ComponentLink2Description"; Value = "Datasheet"; VariantName = "[No Variations]"
Add component (AddParameter): Name = "ComponentLink2URL"; Value = "https://katalog.we-online.com/pbs/datasheet/885012208013.pdf"; VariantName = "[No Variations]"
Add component (AddParameter): Name = "Dissipation Factor"; Value = "#NAME?"; VariantName = "[No Variations]"
Add component (AddParameter): Name = "Height"; Value = "1.15mm +/-0.15mm"; VariantName = "[No Variations]"
Add component (AddParameter): Name = "Isolation Resistance"; Value = ">=0.5GOhm"; VariantName = "[No Variations]"
Add component (AddParameter): Name = "Mounting Technology"; Value = "SMT"; VariantName = "[No Variations]"
Add component (AddParameter): Name = "Operating Temperature"; Value = "-55 to +125degC"; VariantName = "[No Variations]"
Add component (AddParameter): Name = "Packaging"; Value = "Tape and Reel"; VariantName = "[No Variations]"
Add component (AddParameter): Name = "Part Number"; Value = "885012208013"; VariantName = "[No Variations]"
Add component (AddParameter): Name = "Published Date"; Value = "August 2019"; VariantName = "[No Variations]"
Add component (AddParameter): Name = "Publisher"; Value = "Wurth Elektronik"; VariantName = "[No Variations]"
Add component (AddParameter): Name = "Rated Voltage"; Value = "10VDC"; VariantName = "[No Variations]"
Add component (AddParameter): Name = "Size"; Value = "1206"; VariantName = "[No Variations]"
Add component (AddParameter): Name = "Technical Reference"; Value = "X7R1206105K010DFCT10000"; VariantName = "[No Variations]"
Added Component: Designator=C7(CAPC2012X135N)
Add component. Clean all parameters for all variants
Add component (AddParameter): Name = "Arrow Part Number"; Value = ""; VariantName = "[No Variations]"
Add component (AddParameter): Name = "Arrow Price/Stock"; Value = ""; VariantName = "[No Variations]"
Add component (AddParameter): Name = "Datasheet Link"; Value = "https://katalog.we-online.com/pbs/datasheet/885012207126.pdf"; VariantName = "[No Variations]"
Add component (AddParameter): Name = "Height"; Value = "1.35mm"; VariantName = "[No Variations]"
Add component (AddParameter): Name = "Manufacturer_Name"; Value = "Wurth Elektronik"; VariantName = "[No Variations]"
Add component (AddParameter): Name = "Manufacturer_Part_Number"; Value = "885012207126"; VariantName = "[No Variations]"
Add component (AddParameter): Name = "Mouser Part Number"; Value = "710-885012207126"; VariantName = "[No Variations]"
Add component (AddParameter): Name = "Mouser Price/Stock"; Value = "https://www.mouser.co.uk/ProductDetail/Wurth-Elektronik/885012207126?qs=MLItCLRbWsx1mdA6iQ1T9Q%3D%3D"; VariantName = "[No Variations]"
Add component (AddParameter): Name = "Mouser Testing Part Number"; Value = ""; VariantName = "[No Variations]"
Add component (AddParameter): Name = "Mouser Testing Price/Stock"; Value = ""; VariantName = "[No Variations]"
Added Component: Designator=C7(C 1206)
Add component. Clean all parameters for all variants
Add component (AddParameter): Name = "Capacitance"; Value = "1uF"; VariantName = "[No Variations]"
Add component (AddParameter): Name = "Capacitance Tolerance"; Value = "+/-10%"; VariantName = "[No Variations]"
Add component (AddParameter): Name = "Ceramic Type"; Value = "X7R"; VariantName = "[No Variations]"
Add component (AddParameter): Name = "ComponentLink1Description"; Value = "Manufacturer"; VariantName = "[No Variations]"
Add component (AddParameter): Name = "ComponentLink1URL"; Value = "http://www.we-online.de"; VariantName = "[No Variations]"
Add component (AddParameter): Name = "ComponentLink2Description"; Value = "Datasheet"; VariantName = "[No Variations]"
Add component (AddParameter): Name = "ComponentLink2URL"; Value = "https://katalog.we-online.com/pbs/datasheet/885012208013.pdf"; VariantName = "[No Variations]"
Add component (AddParameter): Name = "Dissipation Factor"; Value = "#NAME?"; VariantName = "[No Variations]"
Add component (AddParameter): Name = "Height"; Value = "1.15mm +/-0.15mm"; VariantName = "[No Variations]"
Add component (AddParameter): Name = "Isolation Resistance"; Value = ">=0.5GOhm"; VariantName = "[No Variations]"
Add component (AddParameter): Name = "Mounting Technology"; Value = "SMT"; VariantName = "[No Variations]"
Add component (AddParameter): Name = "Operating Temperature"; Value = "-55 to +125degC"; VariantName = "[No Variations]"
Add component (AddParameter): Name = "Packaging"; Value = "Tape and Reel"; VariantName = "[No Variations]"
Add component (AddParameter): Name = "Part Number"; Value = "885012208013"; VariantName = "[No Variations]"
Add component (AddParameter): Name = "Published Date"; Value = "August 2019"; VariantName = "[No Variations]"
Add component (AddParameter): Name = "Publisher"; Value = "Wurth Elektronik"; VariantName = "[No Variations]"
Add component (AddParameter): Name = "Rated Voltage"; Value = "10VDC"; VariantName = "[No Variations]"
Add component (AddParameter): Name = "Size"; Value = "1206"; VariantName = "[No Variations]"
Add component (AddParameter): Name = "Technical Reference"; Value = "X7R1206105K010DFCT10000"; VariantName = "[No Variations]"
Added Component: Designator=C8(RAD-0.3)
Add component. Clean all parameters for all variants
Add component (AddParameter): Name = "LatestRevisionDate"; Value = "17-Jul-2002"; VariantName = "[No Variations]"
Add component (AddParameter): Name = "LatestRevisionNote"; Value = "Re-released for DXP Platform."; VariantName = "[No Variations]"
Add component (AddParameter): Name = "PackageDescription"; Value = "Radial Cap, Thru-Hole; 2 Leads; 0.3 in Pin Spacing"; VariantName = "[No Variations]"
Add component (AddParameter): Name = "PackageReference"; Value = "RAD-0.3"; VariantName = "[No Variations]"
Add component (AddParameter): Name = "Published"; Value = "8-Jun-2000"; VariantName = "[No Variations]"
Add component (AddParameter): Name = "Publisher"; Value = "Altium Limited"; VariantName = "[No Variations]"
Add component (AddParameter): Name = "Value"; Value = "1uF"; VariantName = "[No Variations]"
Added Component: Designator=C8(C 1206)
Add component. Clean all parameters for all variants
Add component (AddParameter): Name = "Capacitance"; Value = "1uF"; VariantName = "[No Variations]"
Add component (AddParameter): Name = "Capacitance Tolerance"; Value = "+/-10%"; VariantName = "[No Variations]"
Add component (AddParameter): Name = "Ceramic Type"; Value = "X7R"; VariantName = "[No Variations]"
Add component (AddParameter): Name = "ComponentLink1Description"; Value = "Manufacturer"; VariantName = "[No Variations]"
Add component (AddParameter): Name = "ComponentLink1URL"; Value = "http://www.we-online.de"; VariantName = "[No Variations]"
Add component (AddParameter): Name = "ComponentLink2Description"; Value = "Datasheet"; VariantName = "[No Variations]"
Add component (AddParameter): Name = "ComponentLink2URL"; Value = "https://katalog.we-online.com/pbs/datasheet/885012208013.pdf"; VariantName = "[No Variations]"
Add component (AddParameter): Name = "Dissipation Factor"; Value = "#NAME?"; VariantName = "[No Variations]"
Add component (AddParameter): Name = "Height"; Value = "1.15mm +/-0.15mm"; VariantName = "[No Variations]"
Add component (AddParameter): Name = "Isolation Resistance"; Value = ">=0.5GOhm"; VariantName = "[No Variations]"
Add component (AddParameter): Name = "Mounting Technology"; Value = "SMT"; VariantName = "[No Variations]"
Add component (AddParameter): Name = "Operating Temperature"; Value = "-55 to +125degC"; VariantName = "[No Variations]"
Add component (AddParameter): Name = "Packaging"; Value = "Tape and Reel"; VariantName = "[No Variations]"
Add component (AddParameter): Name = "Part Number"; Value = "885012208013"; VariantName = "[No Variations]"
Add component (AddParameter): Name = "Published Date"; Value = "August 2019"; VariantName = "[No Variations]"
Add component (AddParameter): Name = "Publisher"; Value = "Wurth Elektronik"; VariantName = "[No Variations]"
Add component (AddParameter): Name = "Rated Voltage"; Value = "10VDC"; VariantName = "[No Variations]"
Add component (AddParameter): Name = "Size"; Value = "1206"; VariantName = "[No Variations]"
Add component (AddParameter): Name = "Technical Reference"; Value = "X7R1206105K010DFCT10000"; VariantName = "[No Variations]"
Added Component: Designator=C9(RAD-0.3)
Add component. Clean all parameters for all variants
Add component (AddParameter): Name = "LatestRevisionDate"; Value = "17-Jul-2002"; VariantName = "[No Variations]"
Add component (AddParameter): Name = "LatestRevisionNote"; Value = "Re-released for DXP Platform."; VariantName = "[No Variations]"
Add component (AddParameter): Name = "PackageDescription"; Value = "Radial Cap, Thru-Hole; 2 Leads; 0.3 in Pin Spacing"; VariantName = "[No Variations]"
Add component (AddParameter): Name = "PackageReference"; Value = "RAD-0.3"; VariantName = "[No Variations]"
Add component (AddParameter): Name = "Published"; Value = "8-Jun-2000"; VariantName = "[No Variations]"
Add component (AddParameter): Name = "Publisher"; Value = "Altium Limited"; VariantName = "[No Variations]"
Add component (AddParameter): Name = "Value"; Value = "10nF"; VariantName = "[No Variations]"
Added Component: Designator=C10(CAPC2012X135N)
Add component. Clean all parameters for all variants
Add component (AddParameter): Name = "Arrow Part Number"; Value = ""; VariantName = "[No Variations]"
Add component (AddParameter): Name = "Arrow Price/Stock"; Value = ""; VariantName = "[No Variations]"
Add component (AddParameter): Name = "Datasheet Link"; Value = "https://katalog.we-online.com/pbs/datasheet/885012207126.pdf"; VariantName = "[No Variations]"
Add component (AddParameter): Name = "Height"; Value = "1.35mm"; VariantName = "[No Variations]"
Add component (AddParameter): Name = "Manufacturer_Name"; Value = "Wurth Elektronik"; VariantName = "[No Variations]"
Add component (AddParameter): Name = "Manufacturer_Part_Number"; Value = "885012207126"; VariantName = "[No Variations]"
Add component (AddParameter): Name = "Mouser Part Number"; Value = "710-885012207126"; VariantName = "[No Variations]"
Add component (AddParameter): Name = "Mouser Price/Stock"; Value = "https://www.mouser.co.uk/ProductDetail/Wurth-Elektronik/885012207126?qs=MLItCLRbWsx1mdA6iQ1T9Q%3D%3D"; VariantName = "[No Variations]"
Add component (AddParameter): Name = "Mouser Testing Part Number"; Value = ""; VariantName = "[No Variations]"
Add component (AddParameter): Name = "Mouser Testing Price/Stock"; Value = ""; VariantName = "[No Variations]"
Added Component: Designator=C11(CAPC2012X135N)
Add component. Clean all parameters for all variants
Add component (AddParameter): Name = "Arrow Part Number"; Value = ""; VariantName = "[No Variations]"
Add component (AddParameter): Name = "Arrow Price/Stock"; Value = ""; VariantName = "[No Variations]"
Add component (AddParameter): Name = "Datasheet Link"; Value = "https://katalog.we-online.com/pbs/datasheet/885012207126.pdf"; VariantName = "[No Variations]"
Add component (AddParameter): Name = "Height"; Value = "1.35mm"; VariantName = "[No Variations]"
Add component (AddParameter): Name = "Manufacturer_Name"; Value = "Wurth Elektronik"; VariantName = "[No Variations]"
Add component (AddParameter): Name = "Manufacturer_Part_Number"; Value = "885012207126"; VariantName = "[No Variations]"
Add component (AddParameter): Name = "Mouser Part Number"; Value = "710-885012207126"; VariantName = "[No Variations]"
Add component (AddParameter): Name = "Mouser Price/Stock"; Value = "https://www.mouser.co.uk/ProductDetail/Wurth-Elektronik/885012207126?qs=MLItCLRbWsx1mdA6iQ1T9Q%3D%3D"; VariantName = "[No Variations]"
Add component (AddParameter): Name = "Mouser Testing Part Number"; Value = ""; VariantName = "[No Variations]"
Add component (AddParameter): Name = "Mouser Testing Price/Stock"; Value = ""; VariantName = "[No Variations]"
Added Component: Designator=C13(RAD-0.3)
Add component. Clean all parameters for all variants
Add component (AddParameter): Name = "LatestRevisionDate"; Value = "17-Jul-2002"; VariantName = "[No Variations]"
Add component (AddParameter): Name = "LatestRevisionNote"; Value = "Re-released for DXP Platform."; VariantName = "[No Variations]"
Add component (AddParameter): Name = "PackageDescription"; Value = "Radial Cap, Thru-Hole; 2 Leads; 0.3 in Pin Spacing"; VariantName = "[No Variations]"
Add component (AddParameter): Name = "PackageReference"; Value = "RAD-0.3"; VariantName = "[No Variations]"
Add component (AddParameter): Name = "Published"; Value = "8-Jun-2000"; VariantName = "[No Variations]"
Add component (AddParameter): Name = "Publisher"; Value = "Altium Limited"; VariantName = "[No Variations]"
Add component (AddParameter): Name = "Value"; Value = "1uF"; VariantName = "[No Variations]"
Added Component: Designator=C14(RAD-0.3)
Add component. Clean all parameters for all variants
Add component (AddParameter): Name = "LatestRevisionDate"; Value = "17-Jul-2002"; VariantName = "[No Variations]"
Add component (AddParameter): Name = "LatestRevisionNote"; Value = "Re-released for DXP Platform."; VariantName = "[No Variations]"
Add component (AddParameter): Name = "PackageDescription"; Value = "Radial Cap, Thru-Hole; 2 Leads; 0.3 in Pin Spacing"; VariantName = "[No Variations]"
Add component (AddParameter): Name = "PackageReference"; Value = "RAD-0.3"; VariantName = "[No Variations]"
Add component (AddParameter): Name = "Published"; Value = "8-Jun-2000"; VariantName = "[No Variations]"
Add component (AddParameter): Name = "Publisher"; Value = "Altium Limited"; VariantName = "[No Variations]"
Add component (AddParameter): Name = "Value"; Value = "10nF"; VariantName = "[No Variations]"
Added Component: Designator=C15(RAD-0.3)
Add component. Clean all parameters for all variants
Add component (AddParameter): Name = "LatestRevisionDate"; Value = "17-Jul-2002"; VariantName = "[No Variations]"
Add component (AddParameter): Name = "LatestRevisionNote"; Value = "Re-released for DXP Platform."; VariantName = "[No Variations]"
Add component (AddParameter): Name = "PackageDescription"; Value = "Radial Cap, Thru-Hole; 2 Leads; 0.3 in Pin Spacing"; VariantName = "[No Variations]"
Add component (AddParameter): Name = "PackageReference"; Value = "RAD-0.3"; VariantName = "[No Variations]"
Add component (AddParameter): Name = "Published"; Value = "8-Jun-2000"; VariantName = "[No Variations]"
Add component (AddParameter): Name = "Publisher"; Value = "Altium Limited"; VariantName = "[No Variations]"
Add component (AddParameter): Name = "Value"; Value = "1uF"; VariantName = "[No Variations]"
Added Component: Designator=C16(RAD-0.3)
Add component. Clean all parameters for all variants
Add component (AddParameter): Name = "LatestRevisionDate"; Value = "17-Jul-2002"; VariantName = "[No Variations]"
Add component (AddParameter): Name = "LatestRevisionNote"; Value = "Re-released for DXP Platform."; VariantName = "[No Variations]"
Add component (AddParameter): Name = "PackageDescription"; Value = "Radial Cap, Thru-Hole; 2 Leads; 0.3 in Pin Spacing"; VariantName = "[No Variations]"
Add component (AddParameter): Name = "PackageReference"; Value = "RAD-0.3"; VariantName = "[No Variations]"
Add component (AddParameter): Name = "Published"; Value = "8-Jun-2000"; VariantName = "[No Variations]"
Add component (AddParameter): Name = "Publisher"; Value = "Altium Limited"; VariantName = "[No Variations]"
Add component (AddParameter): Name = "Value"; Value = "10nF"; VariantName = "[No Variations]"
Added Component: Designator=C17(CAPC1608X90N)
Add component. Clean all parameters for all variants
Add component (AddParameter): Name = "Arrow Part Number"; Value = "06035C104JAT2A"; VariantName = "[No Variations]"
Add component (AddParameter): Name = "Arrow Price/Stock"; Value = "https://www.arrow.com/en/products/06035c104jat2a/avx"; VariantName = "[No Variations]"
Add component (AddParameter): Name = "Datasheet Link"; Value = "http://www.mouser.com/catalog/supplier/library/pdf/AVXSurfaceMountCeramic.pdf"; VariantName = "[No Variations]"
Add component (AddParameter): Name = "Height"; Value = "0.9mm"; VariantName = "[No Variations]"
Add component (AddParameter): Name = "Manufacturer_Name"; Value = "AVX"; VariantName = "[No Variations]"
Add component (AddParameter): Name = "Manufacturer_Part_Number"; Value = "06035C104JAT2A"; VariantName = "[No Variations]"
Add component (AddParameter): Name = "Mouser Part Number"; Value = "581-06035C104JAT2A"; VariantName = "[No Variations]"
Add component (AddParameter): Name = "Mouser Price/Stock"; Value = "https://www.mouser.co.uk/ProductDetail/AVX/06035C104JAT2A/?qs=EbDiPP9peV%252BVb%2FIEcsjONQ%3D%3D"; VariantName = "[No Variations]"
Add component (AddParameter): Name = "Mouser Testing Part Number"; Value = ""; VariantName = "[No Variations]"
Add component (AddParameter): Name = "Mouser Testing Price/Stock"; Value = ""; VariantName = "[No Variations]"
Added Component: Designator=C26(C 1206)
Add component. Clean all parameters for all variants
Added Component: Designator=C27(C 1206)
Add component. Clean all parameters for all variants
Added Component: Designator=C28(C 1206)
Add component. Clean all parameters for all variants
Added Component: Designator=C29(C 1206)
Add component. Clean all parameters for all variants
Added Component: Designator=C30(C 1206)
Add component. Clean all parameters for all variants
Added Component: Designator=C31(C 1206)
Add component. Clean all parameters for all variants
Added Component: Designator=D1(LED 0805)
Add component. Clean all parameters for all variants
Added Component: Designator=E1(Ethernet2)
Add component. Clean all parameters for all variants
Add component (AddParameter): Name = "ComponentLink1Description"; Value = "Manufacturer"; VariantName = "[No Variations]"
Add component (AddParameter): Name = "ComponentLink1URL"; Value = "http://www.we-online.de"; VariantName = "[No Variations]"
Add component (AddParameter): Name = "ComponentLink2Description"; Value = "Datasheet"; VariantName = "[No Variations]"
Add component (AddParameter): Name = "ComponentLink2URL"; Value = "https://katalog.we-online.com/em/datasheet/615016137621.pdf"; VariantName = "[No Variations]"
Add component (AddParameter): Name = "Contact Resistance"; Value = "20mOhm"; VariantName = "[No Variations]"
Add component (AddParameter): Name = "Insulation Resistance"; Value = "500MOhm"; VariantName = "[No Variations]"
Add component (AddParameter): Name = "Mounting Technology"; Value = "THT"; VariantName = "[No Variations]"
Add component (AddParameter): Name = "Operating Temperature"; Value = "-40 to +85degC"; VariantName = "[No Variations]"
Add component (AddParameter): Name = "Packaging"; Value = "Tray"; VariantName = "[No Variations]"
Add component (AddParameter): Name = "Part Number"; Value = "615016137621"; VariantName = "[No Variations]"
Add component (AddParameter): Name = "Published Date"; Value = "November 2019"; VariantName = "[No Variations]"
Add component (AddParameter): Name = "Publisher"; Value = "Wurth Elektronik"; VariantName = "[No Variations]"
Add component (AddParameter): Name = "Rated Current"; Value = "1.5A"; VariantName = "[No Variations]"
Add component (AddParameter): Name = "Type"; Value = "Horizontal"; VariantName = "[No Variations]"
Add component (AddParameter): Name = "Withstanding Voltage"; Value = "1000VAC"; VariantName = "[No Variations]"
Add component (AddParameter): Name = "Working Voltage"; Value = "120VAC"; VariantName = "[No Variations]"
Add component (AddParameter): Name = "xPxC"; Value = "8P8C"; VariantName = "[No Variations]"
Added Component: Designator=F1(Fuse Holder)
Add component. Clean all parameters for all variants
Add component (AddParameter): Name = "Allied_Number"; Value = "70519132"; VariantName = "[No Variations]"
Add component (AddParameter): Name = "Allied Price/Stock"; Value = "https://www.alliedelec.com/littelfuse-015401-5dr/70519132/"; VariantName = "[No Variations]"
Add component (AddParameter): Name = "Datasheet Link"; Value = "https://www.littelfuse.com/~/media/electronics/datasheets/fuses/littelfuse_fuse_154_154t_154l_154tl_datasheet.pdf.pdf"; VariantName = "[No Variations]"
Add component (AddParameter): Name = "Height"; Value = "3.81mm"; VariantName = "[No Variations]"
Add component (AddParameter): Name = "Manufacturer_Name"; Value = "LITTELFUSE"; VariantName = "[No Variations]"
Add component (AddParameter): Name = "Manufacturer_Part_Number"; Value = "015401.5DR"; VariantName = "[No Variations]"
Add component (AddParameter): Name = "Mouser Part Number"; Value = "576-015401.5DR"; VariantName = "[No Variations]"
Add component (AddParameter): Name = "Mouser Price/Stock"; Value = "https://www.mouser.com/Search/Refine.aspx?Keyword=576-015401.5DR"; VariantName = "[No Variations]"
Add component (AddParameter): Name = "RS Part Number"; Value = "7382879P"; VariantName = "[No Variations]"
Add component (AddParameter): Name = "RS Price/Stock"; Value = "http://uk.rs-online.com/web/p/products/7382879P"; VariantName = "[No Variations]"
Added Component: Designator=F2(Fuse Holder)
Add component. Clean all parameters for all variants
Add component (AddParameter): Name = "Allied_Number"; Value = "70519132"; VariantName = "[No Variations]"
Add component (AddParameter): Name = "Allied Price/Stock"; Value = "https://www.alliedelec.com/littelfuse-015401-5dr/70519132/"; VariantName = "[No Variations]"
Add component (AddParameter): Name = "Datasheet Link"; Value = "https://www.littelfuse.com/~/media/electronics/datasheets/fuses/littelfuse_fuse_154_154t_154l_154tl_datasheet.pdf.pdf"; VariantName = "[No Variations]"
Add component (AddParameter): Name = "Height"; Value = "3.81mm"; VariantName = "[No Variations]"
Add component (AddParameter): Name = "Manufacturer_Name"; Value = "LITTELFUSE"; VariantName = "[No Variations]"
Add component (AddParameter): Name = "Manufacturer_Part_Number"; Value = "015401.5DR"; VariantName = "[No Variations]"
Add component (AddParameter): Name = "Mouser Part Number"; Value = "576-015401.5DR"; VariantName = "[No Variations]"
Add component (AddParameter): Name = "Mouser Price/Stock"; Value = "https://www.mouser.com/Search/Refine.aspx?Keyword=576-015401.5DR"; VariantName = "[No Variations]"
Add component (AddParameter): Name = "RS Part Number"; Value = "7382879P"; VariantName = "[No Variations]"
Add component (AddParameter): Name = "RS Price/Stock"; Value = "http://uk.rs-online.com/web/p/products/7382879P"; VariantName = "[No Variations]"
Added Component: Designator=F3(Fuse Holder)
Add component. Clean all parameters for all variants
Add component (AddParameter): Name = "Allied_Number"; Value = "70519132"; VariantName = "[No Variations]"
Add component (AddParameter): Name = "Allied Price/Stock"; Value = "https://www.alliedelec.com/littelfuse-015401-5dr/70519132/"; VariantName = "[No Variations]"
Add component (AddParameter): Name = "Datasheet Link"; Value = "https://www.littelfuse.com/~/media/electronics/datasheets/fuses/littelfuse_fuse_154_154t_154l_154tl_datasheet.pdf.pdf"; VariantName = "[No Variations]"
Add component (AddParameter): Name = "Height"; Value = "3.81mm"; VariantName = "[No Variations]"
Add component (AddParameter): Name = "Manufacturer_Name"; Value = "LITTELFUSE"; VariantName = "[No Variations]"
Add component (AddParameter): Name = "Manufacturer_Part_Number"; Value = "015401.5DR"; VariantName = "[No Variations]"
Add component (AddParameter): Name = "Mouser Part Number"; Value = "576-015401.5DR"; VariantName = "[No Variations]"
Add component (AddParameter): Name = "Mouser Price/Stock"; Value = "https://www.mouser.com/Search/Refine.aspx?Keyword=576-015401.5DR"; VariantName = "[No Variations]"
Add component (AddParameter): Name = "RS Part Number"; Value = "7382879P"; VariantName = "[No Variations]"
Add component (AddParameter): Name = "RS Price/Stock"; Value = "http://uk.rs-online.com/web/p/products/7382879P"; VariantName = "[No Variations]"
Added Component: Designator=F4(Fuse Holder)
Add component. Clean all parameters for all variants
Add component (AddParameter): Name = "Allied_Number"; Value = "70519132"; VariantName = "[No Variations]"
Add component (AddParameter): Name = "Allied Price/Stock"; Value = "https://www.alliedelec.com/littelfuse-015401-5dr/70519132/"; VariantName = "[No Variations]"
Add component (AddParameter): Name = "Datasheet Link"; Value = "https://www.littelfuse.com/~/media/electronics/datasheets/fuses/littelfuse_fuse_154_154t_154l_154tl_datasheet.pdf.pdf"; VariantName = "[No Variations]"
Add component (AddParameter): Name = "Height"; Value = "3.81mm"; VariantName = "[No Variations]"
Add component (AddParameter): Name = "Manufacturer_Name"; Value = "LITTELFUSE"; VariantName = "[No Variations]"
Add component (AddParameter): Name = "Manufacturer_Part_Number"; Value = "015401.5DR"; VariantName = "[No Variations]"
Add component (AddParameter): Name = "Mouser Part Number"; Value = "576-015401.5DR"; VariantName = "[No Variations]"
Add component (AddParameter): Name = "Mouser Price/Stock"; Value = "https://www.mouser.com/Search/Refine.aspx?Keyword=576-015401.5DR"; VariantName = "[No Variations]"
Add component (AddParameter): Name = "RS Part Number"; Value = "7382879P"; VariantName = "[No Variations]"
Add component (AddParameter): Name = "RS Price/Stock"; Value = "http://uk.rs-online.com/web/p/products/7382879P"; VariantName = "[No Variations]"
Added Component: Designator=F5(Fuse Holder)
Add component. Clean all parameters for all variants
Add component (AddParameter): Name = "Allied_Number"; Value = "70519132"; VariantName = "[No Variations]"
Add component (AddParameter): Name = "Allied Price/Stock"; Value = "https://www.alliedelec.com/littelfuse-015401-5dr/70519132/"; VariantName = "[No Variations]"
Add component (AddParameter): Name = "Datasheet Link"; Value = "https://www.littelfuse.com/~/media/electronics/datasheets/fuses/littelfuse_fuse_154_154t_154l_154tl_datasheet.pdf.pdf"; VariantName = "[No Variations]"
Add component (AddParameter): Name = "Height"; Value = "3.81mm"; VariantName = "[No Variations]"
Add component (AddParameter): Name = "Manufacturer_Name"; Value = "LITTELFUSE"; VariantName = "[No Variations]"
Add component (AddParameter): Name = "Manufacturer_Part_Number"; Value = "015401.5DR"; VariantName = "[No Variations]"
Add component (AddParameter): Name = "Mouser Part Number"; Value = "576-015401.5DR"; VariantName = "[No Variations]"
Add component (AddParameter): Name = "Mouser Price/Stock"; Value = "https://www.mouser.com/Search/Refine.aspx?Keyword=576-015401.5DR"; VariantName = "[No Variations]"
Add component (AddParameter): Name = "RS Part Number"; Value = "7382879P"; VariantName = "[No Variations]"
Add component (AddParameter): Name = "RS Price/Stock"; Value = "http://uk.rs-online.com/web/p/products/7382879P"; VariantName = "[No Variations]"
Added Component: Designator=F6(Fuse Holder)
Add component. Clean all parameters for all variants
Add component (AddParameter): Name = "Arrow Part Number"; Value = "015401.5DRT"; VariantName = "[No Variations]"
Add component (AddParameter): Name = "Arrow Price/Stock"; Value = "https://www.arrow.com/en/products/015401.5drt/littelfuse?region=nac"; VariantName = "[No Variations]"
Add component (AddParameter): Name = "Datasheet Link"; Value = "https://componentsearchengine.com/Datasheets/2/015401.5DRT.pdf"; VariantName = "[No Variations]"
Add component (AddParameter): Name = "Height"; Value = "3.81mm"; VariantName = "[No Variations]"
Add component (AddParameter): Name = "Manufacturer_Name"; Value = "LITTELFUSE"; VariantName = "[No Variations]"
Add component (AddParameter): Name = "Manufacturer_Part_Number"; Value = "015401.5DRT"; VariantName = "[No Variations]"
Add component (AddParameter): Name = "Mouser Part Number"; Value = "576-015401.5DRT"; VariantName = "[No Variations]"
Add component (AddParameter): Name = "Mouser Price/Stock"; Value = "https://www.mouser.co.uk/ProductDetail/Littelfuse/015401.5DRT?qs=gu7KAQ731USSn8iq6YrVPw%3D%3D"; VariantName = "[No Variations]"
Add component (AddParameter): Name = "Mouser Testing Part Number"; Value = ""; VariantName = "[No Variations]"
Add component (AddParameter): Name = "Mouser Testing Price/Stock"; Value = ""; VariantName = "[No Variations]"
Added Component: Designator=FB1(F 0805)
Add component. Clean all parameters for all variants
Add component (AddParameter): Name = "ComponentLink1Description"; Value = "Manufacturer"; VariantName = "[No Variations]"
Add component (AddParameter): Name = "ComponentLink1URL"; Value = "http://www.we-online.de"; VariantName = "[No Variations]"
Add component (AddParameter): Name = "ComponentLink2Description"; Value = "Datasheet"; VariantName = "[No Variations]"
Add component (AddParameter): Name = "ComponentLink2URL"; Value = "https://www.we-online.com/catalog/datasheet/742792090.pdf"; VariantName = "[No Variations]"
Add component (AddParameter): Name = "DC Resistance max."; Value = "0.4Ohm"; VariantName = "[No Variations]"
Add component (AddParameter): Name = "Impedance @100MHz"; Value = "1800Ohm"; VariantName = "[No Variations]"
Add component (AddParameter): Name = "Impedance max."; Value = "2000Ohm"; VariantName = "[No Variations]"
Add component (AddParameter): Name = "Manufacturer"; Value = "Wurth Elektronik"; VariantName = "[No Variations]"
Add component (AddParameter): Name = "Manufacturer Part Number"; Value = "742792090"; VariantName = "[No Variations]"
Add component (AddParameter): Name = "Mounting Technology"; Value = "SMT"; VariantName = "[No Variations]"
Add component (AddParameter): Name = "Operating Temperature"; Value = "-55 to +125degC"; VariantName = "[No Variations]"
Add component (AddParameter): Name = "Packaging"; Value = "Tape and Reel"; VariantName = "[No Variations]"
Add component (AddParameter): Name = "Published Date"; Value = "March 2020"; VariantName = "[No Variations]"
Add component (AddParameter): Name = "Rated Current"; Value = "1A"; VariantName = "[No Variations]"
Add component (AddParameter): Name = "Size"; Value = "0805"; VariantName = "[No Variations]"
Add component (AddParameter): Name = "Type"; Value = "Wide Band"; VariantName = "[No Variations]"
Added Component: Designator=FB2(F 0805)
Add component. Clean all parameters for all variants
Add component (AddParameter): Name = "ComponentLink1Description"; Value = "Manufacturer"; VariantName = "[No Variations]"
Add component (AddParameter): Name = "ComponentLink1URL"; Value = "http://www.we-online.de"; VariantName = "[No Variations]"
Add component (AddParameter): Name = "ComponentLink2Description"; Value = "Datasheet"; VariantName = "[No Variations]"
Add component (AddParameter): Name = "ComponentLink2URL"; Value = "https://www.we-online.com/catalog/datasheet/742792090.pdf"; VariantName = "[No Variations]"
Add component (AddParameter): Name = "DC Resistance max."; Value = "0.4Ohm"; VariantName = "[No Variations]"
Add component (AddParameter): Name = "Impedance @100MHz"; Value = "1800Ohm"; VariantName = "[No Variations]"
Add component (AddParameter): Name = "Impedance max."; Value = "2000Ohm"; VariantName = "[No Variations]"
Add component (AddParameter): Name = "Manufacturer"; Value = "Wurth Elektronik"; VariantName = "[No Variations]"
Add component (AddParameter): Name = "Manufacturer Part Number"; Value = "742792090"; VariantName = "[No Variations]"
Add component (AddParameter): Name = "Mounting Technology"; Value = "SMT"; VariantName = "[No Variations]"
Add component (AddParameter): Name = "Operating Temperature"; Value = "-55 to +125degC"; VariantName = "[No Variations]"
Add component (AddParameter): Name = "Packaging"; Value = "Tape and Reel"; VariantName = "[No Variations]"
Add component (AddParameter): Name = "Published Date"; Value = "March 2020"; VariantName = "[No Variations]"
Add component (AddParameter): Name = "Rated Current"; Value = "1A"; VariantName = "[No Variations]"
Add component (AddParameter): Name = "Size"; Value = "0805"; VariantName = "[No Variations]"
Add component (AddParameter): Name = "Type"; Value = "Wide Band"; VariantName = "[No Variations]"
Added Component: Designator=GPS1(RHDR8W60P0X254_1X8_2082X250X850P)
Add component. Clean all parameters for all variants
Add component (AddParameter): Name = "Availability"; Value = "Unavailable"; VariantName = "[No Variations]"
Add component (AddParameter): Name = "MF"; Value = "TE Connectivity"; VariantName = "[No Variations]"
Add component (AddParameter): Name = "MP"; Value = "5-535541-6"; VariantName = "[No Variations]"
Add component (AddParameter): Name = "Package"; Value = "None"; VariantName = "[No Variations]"
Add component (AddParameter): Name = "Price"; Value = "None"; VariantName = "[No Variations]"
Add component (AddParameter): Name = "SnapEDA_Link"; Value = "https://www.snapeda.com/parts/5-535541-6/TE%20Connectivity%20AMP%20Connectors/view-part/497141/?ref=snap"; VariantName = "[No Variations]"
Add component (AddParameter): Name = "Value"; Value = ""; VariantName = "[No Variations]"
Added Component: Designator=GPS2(RHDR8W60P0X254_1X8_2082X250X850P)
Add component. Clean all parameters for all variants
Add component (AddParameter): Name = "Availability"; Value = "Unavailable"; VariantName = "[No Variations]"
Add component (AddParameter): Name = "MF"; Value = "TE Connectivity"; VariantName = "[No Variations]"
Add component (AddParameter): Name = "MP"; Value = "5-535541-6"; VariantName = "[No Variations]"
Add component (AddParameter): Name = "Package"; Value = "None"; VariantName = "[No Variations]"
Add component (AddParameter): Name = "Price"; Value = "None"; VariantName = "[No Variations]"
Add component (AddParameter): Name = "SnapEDA_Link"; Value = "https://www.snapeda.com/parts/5-535541-6/TE%20Connectivity%20AMP%20Connectors/view-part/497141/?ref=snap"; VariantName = "[No Variations]"
Add component (AddParameter): Name = "Value"; Value = ""; VariantName = "[No Variations]"
Added Component: Designator=IC1(QFP50P1200X1200X160-64N)
Add component. Clean all parameters for all variants
Add component (AddParameter): Name = "Arrow Part Number"; Value = "STM32F446RET7"; VariantName = "[No Variations]"
Add component (AddParameter): Name = "Arrow Price/Stock"; Value = "https://www.arrow.com/en/products/stm32f446ret7/stmicroelectronics?region=nac"; VariantName = "[No Variations]"
Add component (AddParameter): Name = "Datasheet Link"; Value = "https://componentsearchengine.com/Datasheets/5/STM32F446RET7.pdf"; VariantName = "[No Variations]"
Add component (AddParameter): Name = "Height"; Value = "1.6mm"; VariantName = "[No Variations]"
Add component (AddParameter): Name = "Manufacturer_Name"; Value = "STMicroelectronics"; VariantName = "[No Variations]"
Add component (AddParameter): Name = "Manufacturer_Part_Number"; Value = "STM32F446RET7"; VariantName = "[No Variations]"
Add component (AddParameter): Name = "Mouser Part Number"; Value = "511-STM32F446RET7"; VariantName = "[No Variations]"
Add component (AddParameter): Name = "Mouser Price/Stock"; Value = "https://www.mouser.co.uk/ProductDetail/STMicroelectronics/STM32F446RET7?qs=qzCNEk%252BRr%252BZ3vIhuSM4Ejg%3D%3D"; VariantName = "[No Variations]"
Add component (AddParameter): Name = "Mouser Testing Part Number"; Value = ""; VariantName = "[No Variations]"
Add component (AddParameter): Name = "Mouser Testing Price/Stock"; Value = ""; VariantName = "[No Variations]"
Added Component: Designator=IMU1(RHDR8W60P0X254_1X8_2082X250X850P)
Add component. Clean all parameters for all variants
Add component (AddParameter): Name = "Availability"; Value = "Unavailable"; VariantName = "[No Variations]"
Add component (AddParameter): Name = "MF"; Value = "TE Connectivity"; VariantName = "[No Variations]"
Add component (AddParameter): Name = "MP"; Value = "5-535541-6"; VariantName = "[No Variations]"
Add component (AddParameter): Name = "Package"; Value = "None"; VariantName = "[No Variations]"
Add component (AddParameter): Name = "Price"; Value = "None"; VariantName = "[No Variations]"
Add component (AddParameter): Name = "SnapEDA_Link"; Value = "https://www.snapeda.com/parts/5-535541-6/TE%20Connectivity%20AMP%20Connectors/view-part/497141/?ref=snap"; VariantName = "[No Variations]"
Add component (AddParameter): Name = "Value"; Value = ""; VariantName = "[No Variations]"
Added Component: Designator=IMU2(RHDR8W60P0X254_1X8_2082X250X850P)
Add component. Clean all parameters for all variants
Add component (AddParameter): Name = "Availability"; Value = "Unavailable"; VariantName = "[No Variations]"
Add component (AddParameter): Name = "MF"; Value = "TE Connectivity"; VariantName = "[No Variations]"
Add component (AddParameter): Name = "MP"; Value = "5-535541-6"; VariantName = "[No Variations]"
Add component (AddParameter): Name = "Package"; Value = "None"; VariantName = "[No Variations]"
Add component (AddParameter): Name = "Price"; Value = "None"; VariantName = "[No Variations]"
Add component (AddParameter): Name = "SnapEDA_Link"; Value = "https://www.snapeda.com/parts/5-535541-6/TE%20Connectivity%20AMP%20Connectors/view-part/497141/?ref=snap"; VariantName = "[No Variations]"
Add component (AddParameter): Name = "Value"; Value = ""; VariantName = "[No Variations]"
Added Component: Designator=L1(MPX1D0530L150)
Add component. Clean all parameters for all variants
Added Component: Designator=LED1(LEDC3214X78N)
Add component. Clean all parameters for all variants
Add component (AddParameter): Name = "Arrow Part Number"; Value = ""; VariantName = "[No Variations]"
Add component (AddParameter): Name = "Arrow Price/Stock"; Value = ""; VariantName = "[No Variations]"
Add component (AddParameter): Name = "Datasheet Link"; Value = ""; VariantName = "[No Variations]"
Add component (AddParameter): Name = "Height"; Value = "0.78mm"; VariantName = "[No Variations]"
Add component (AddParameter): Name = "Manufacturer_Name"; Value = "Wurth Elektronik"; VariantName = "[No Variations]"
Add component (AddParameter): Name = "Manufacturer_Part_Number"; Value = "150120GS75000"; VariantName = "[No Variations]"
Add component (AddParameter): Name = "Mouser Part Number"; Value = "710-150120GS75000"; VariantName = "[No Variations]"
Add component (AddParameter): Name = "Mouser Price/Stock"; Value = "https://www.mouser.co.uk/ProductDetail/Wurth-Elektronik/150120GS75000?qs=LlUlMxKIyB3I3AMxrmBw4A%3D%3D"; VariantName = "[No Variations]"
Add component (AddParameter): Name = "Mouser Testing Part Number"; Value = ""; VariantName = "[No Variations]"
Add component (AddParameter): Name = "Mouser Testing Price/Stock"; Value = ""; VariantName = "[No Variations]"
Added Component: Designator=P1(HDR1X6)
Add component. Clean all parameters for all variants
Add component (AddParameter): Name = "LatestRevisionDate"; Value = "17-Jul-2002"; VariantName = "[No Variations]"
Add component (AddParameter): Name = "LatestRevisionNote"; Value = "Re-released for DXP Platform."; VariantName = "[No Variations]"
Add component (AddParameter): Name = "Publisher"; Value = "Altium Limited"; VariantName = "[No Variations]"
Added Component: Designator=P2(HDR1X3)
Add component. Clean all parameters for all variants
Add component (AddParameter): Name = "LatestRevisionDate"; Value = "17-Jul-2002"; VariantName = "[No Variations]"
Add component (AddParameter): Name = "LatestRevisionNote"; Value = "Re-released for DXP Platform."; VariantName = "[No Variations]"
Add component (AddParameter): Name = "Publisher"; Value = "Altium Limited"; VariantName = "[No Variations]"
Added Component: Designator=P3(HDR2X8)
Add component. Clean all parameters for all variants
Add component (AddParameter): Name = "LatestRevisionDate"; Value = "17-Jul-2002"; VariantName = "[No Variations]"
Add component (AddParameter): Name = "LatestRevisionNote"; Value = "Re-released for DXP Platform."; VariantName = "[No Variations]"
Add component (AddParameter): Name = "Publisher"; Value = "Altium Limited"; VariantName = "[No Variations]"
Added Component: Designator=R1(R 0805)
Add component. Clean all parameters for all variants
Add component (AddParameter): Name = "ComponentLink1Description"; Value = "Manufacturer"; VariantName = "[No Variations]"
Add component (AddParameter): Name = "ComponentLink1URL"; Value = "http://www.we-online.de"; VariantName = "[No Variations]"
Add component (AddParameter): Name = "ComponentLink2Description"; Value = "Datasheet"; VariantName = "[No Variations]"
Add component (AddParameter): Name = "ComponentLink2URL"; Value = "https://www.we-online.com/catalog/datasheet/560050320011.pdf"; VariantName = "[No Variations]"
Add component (AddParameter): Name = "Height"; Value = "0.6mm"; VariantName = "[No Variations]"
Add component (AddParameter): Name = "Length"; Value = "2mm"; VariantName = "[No Variations]"
Add component (AddParameter): Name = "Manufacturer"; Value = "Wurth Elektronik"; VariantName = "[No Variations]"
Add component (AddParameter): Name = "Manufacturer Part Number"; Value = "560050320011"; VariantName = "[No Variations]"
Add component (AddParameter): Name = "Mounting Technology"; Value = "SMT"; VariantName = "[No Variations]"
Add component (AddParameter): Name = "Operating Temperature"; Value = "-55 to +155degC"; VariantName = "[No Variations]"
Add component (AddParameter): Name = "Packaging"; Value = "Tape and Reel"; VariantName = "[No Variations]"
Add component (AddParameter): Name = "Published Date"; Value = "May 2020"; VariantName = "[No Variations]"
Add component (AddParameter): Name = "Rated Current"; Value = "0.57A"; VariantName = "[No Variations]"
Add component (AddParameter): Name = "Rated Power"; Value = "0.33W"; VariantName = "[No Variations]"
Add component (AddParameter): Name = "Resistance"; Value = "1Ohm"; VariantName = "[No Variations]"
Add component (AddParameter): Name = "Resistance Tolerance"; Value = "+/-1%"; VariantName = "[No Variations]"
Add component (AddParameter): Name = "Size"; Value = "0805"; VariantName = "[No Variations]"
Add component (AddParameter): Name = "Technical Reference"; Value = "KE08051R00F103KAATP0000"; VariantName = "[No Variations]"
Add component (AddParameter): Name = "Temperature Coefficient of Resistance"; Value = "+/-100ppm/degC"; VariantName = "[No Variations]"
Add component (AddParameter): Name = "Width"; Value = "1.25mm"; VariantName = "[No Variations]"
Added Component: Designator=R3(R 0201)
Add component. Clean all parameters for all variants
Added Component: Designator=R4(R 0805)
Add component. Clean all parameters for all variants
Add component (AddParameter): Name = "ComponentLink1Description"; Value = "Manufacturer"; VariantName = "[No Variations]"
Add component (AddParameter): Name = "ComponentLink1URL"; Value = "http://www.we-online.de"; VariantName = "[No Variations]"
Add component (AddParameter): Name = "ComponentLink2Description"; Value = "Datasheet"; VariantName = "[No Variations]"
Add component (AddParameter): Name = "ComponentLink2URL"; Value = "https://www.we-online.com/catalog/datasheet/560050320011.pdf"; VariantName = "[No Variations]"
Add component (AddParameter): Name = "Height"; Value = "0.6mm"; VariantName = "[No Variations]"
Add component (AddParameter): Name = "Length"; Value = "2mm"; VariantName = "[No Variations]"
Add component (AddParameter): Name = "Manufacturer"; Value = "Wurth Elektronik"; VariantName = "[No Variations]"
Add component (AddParameter): Name = "Manufacturer Part Number"; Value = "560050320011"; VariantName = "[No Variations]"
Add component (AddParameter): Name = "Mounting Technology"; Value = "SMT"; VariantName = "[No Variations]"
Add component (AddParameter): Name = "Operating Temperature"; Value = "-55 to +155degC"; VariantName = "[No Variations]"
Add component (AddParameter): Name = "Packaging"; Value = "Tape and Reel"; VariantName = "[No Variations]"
Add component (AddParameter): Name = "Published Date"; Value = "May 2020"; VariantName = "[No Variations]"
Add component (AddParameter): Name = "Rated Current"; Value = "0.57A"; VariantName = "[No Variations]"
Add component (AddParameter): Name = "Rated Power"; Value = "0.33W"; VariantName = "[No Variations]"
Add component (AddParameter): Name = "Resistance"; Value = "1Ohm"; VariantName = "[No Variations]"
Add component (AddParameter): Name = "Resistance Tolerance"; Value = "+/-1%"; VariantName = "[No Variations]"
Add component (AddParameter): Name = "Size"; Value = "0805"; VariantName = "[No Variations]"
Add component (AddParameter): Name = "Technical Reference"; Value = "KE08051R00F103KAATP0000"; VariantName = "[No Variations]"
Add component (AddParameter): Name = "Temperature Coefficient of Resistance"; Value = "+/-100ppm/degC"; VariantName = "[No Variations]"
Add component (AddParameter): Name = "Width"; Value = "1.25mm"; VariantName = "[No Variations]"
Added Component: Designator=R7(R 0805)
Add component. Clean all parameters for all variants
Added Component: Designator=R8(R 0805)
Add component. Clean all parameters for all variants
Added Component: Designator=SD1(RHDR8W60P0X254_1X8_2082X250X850P)
Add component. Clean all parameters for all variants
Add component (AddParameter): Name = "Availability"; Value = "Unavailable"; VariantName = "[No Variations]"
Add component (AddParameter): Name = "MF"; Value = "TE Connectivity"; VariantName = "[No Variations]"
Add component (AddParameter): Name = "MP"; Value = "5-535541-6"; VariantName = "[No Variations]"
Add component (AddParameter): Name = "Package"; Value = "None"; VariantName = "[No Variations]"
Add component (AddParameter): Name = "Price"; Value = "None"; VariantName = "[No Variations]"
Add component (AddParameter): Name = "SnapEDA_Link"; Value = "https://www.snapeda.com/parts/5-535541-6/TE%20Connectivity%20AMP%20Connectors/view-part/497141/?ref=snap"; VariantName = "[No Variations]"
Add component (AddParameter): Name = "Value"; Value = ""; VariantName = "[No Variations]"
Added Component: Designator=SD2(RHDR8W60P0X254_1X8_2082X250X850P)
Add component. Clean all parameters for all variants
Add component (AddParameter): Name = "Availability"; Value = "Unavailable"; VariantName = "[No Variations]"
Add component (AddParameter): Name = "MF"; Value = "TE Connectivity"; VariantName = "[No Variations]"
Add component (AddParameter): Name = "MP"; Value = "5-535541-6"; VariantName = "[No Variations]"
Add component (AddParameter): Name = "Package"; Value = "None"; VariantName = "[No Variations]"
Add component (AddParameter): Name = "Price"; Value = "None"; VariantName = "[No Variations]"
Add component (AddParameter): Name = "SnapEDA_Link"; Value = "https://www.snapeda.com/parts/5-535541-6/TE%20Connectivity%20AMP%20Connectors/view-part/497141/?ref=snap"; VariantName = "[No Variations]"
Add component (AddParameter): Name = "Value"; Value = ""; VariantName = "[No Variations]"
Added Component: Designator=USB1(65100516121)
Add component. Clean all parameters for all variants
Add component (AddParameter): Name = "ComponentLink1 Description"; Value = "Manufacturer"; VariantName = "[No Variations]"
Add component (AddParameter): Name = "ComponentLink1URL"; Value = "http://www.we-online.de"; VariantName = "[No Variations]"
Add component (AddParameter): Name = "ComponentLink2 Description"; Value = "Datasheet"; VariantName = "[No Variations]"
Add component (AddParameter): Name = "ComponentLink2URL"; Value = "http://katalog.we-online.de/em/datasheet/651005136421.pdf"; VariantName = "[No Variations]"
Add component (AddParameter): Name = "Created by"; Value = "Karrer Zheng"; VariantName = "[No Variations]"
Add component (AddParameter): Name = "Created Date"; Value = "10/10/2014"; VariantName = "[No Variations]"
Add component (AddParameter): Name = "Manufacturer"; Value = "Wrth Elektronik eiSos GmbH"; VariantName = "[No Variations]"
Add component (AddParameter): Name = "NoPins"; Value = "5"; VariantName = "[No Variations]"
Add component (AddParameter): Name = "partNo"; Value = "651005136421"; VariantName = "[No Variations]"
Added Component: Designator=Y1(ECS801233JGNTR)
Add component. Clean all parameters for all variants
Add component (AddParameter): Name = "Arrow Part Number"; Value = "ECS-80-12-33-JGN-TR"; VariantName = "[No Variations]"
Add component (AddParameter): Name = "Arrow Price/Stock"; Value = "https://www.arrow.com/en/products/ecs-80-12-33-jgn-tr/ecs-international?region=nac"; VariantName = "[No Variations]"
Add component (AddParameter): Name = "Datasheet Link"; Value = "https://ecsxtal.com/store/pdf/ecx-32.pdf"; VariantName = "[No Variations]"
Add component (AddParameter): Name = "Height"; Value = "0.8mm"; VariantName = "[No Variations]"
Add component (AddParameter): Name = "Manufacturer_Name"; Value = "ECS"; VariantName = "[No Variations]"
Add component (AddParameter): Name = "Manufacturer_Part_Number"; Value = "ECS-80-12-33-JGN-TR"; VariantName = "[No Variations]"
Add component (AddParameter): Name = "Mouser Part Number"; Value = "520-80-12-33-JGN-TR"; VariantName = "[No Variations]"
Add component (AddParameter): Name = "Mouser Price/Stock"; Value = "https://www.mouser.co.uk/ProductDetail/ECS/ECS-80-12-33-JGN-TR?qs=d0WKAl%252BL4KaVcQK0q%252BTt4Q%3D%3D"; VariantName = "[No Variations]"
Add component (AddParameter): Name = "Mouser Testing Part Number"; Value = ""; VariantName = "[No Variations]"
Add component (AddParameter): Name = "Mouser Testing Price/Stock"; Value = ""; VariantName = "[No Variations]"
Added Component: Designator=Y2(ECX-31B)
Add component. Clean all parameters for all variants
Add component (AddParameter): Name = "Arrow Part Number"; Value = ""; VariantName = "[No Variations]"
Add component (AddParameter): Name = "Arrow Price/Stock"; Value = ""; VariantName = "[No Variations]"
Add component (AddParameter): Name = "Datasheet Link"; Value = "https://componentsearchengine.com/Datasheets/1/ECS-.327-12.5-34B.pdf"; VariantName = "[No Variations]"
Add component (AddParameter): Name = "Manufacturer_Name"; Value = "ECS"; VariantName = "[No Variations]"
Add component (AddParameter): Name = "Manufacturer_Part_Number"; Value = "ECS-.327-12.5-34B"; VariantName = "[No Variations]"
Add component (AddParameter): Name = "Mouser Part Number"; Value = "520-ECS-327-12.5-34B"; VariantName = "[No Variations]"
Add component (AddParameter): Name = "Mouser Price/Stock"; Value = "https://www.mouser.co.uk/ProductDetail/ECS/ECS-.327-12.5-34B?qs=muFWWzTLGEJ4ncukpyY8Bw%3D%3D"; VariantName = "[No Variations]"
Add component (AddParameter): Name = "Mouser Testing Part Number"; Value = ""; VariantName = "[No Variations]"
Add component (AddParameter): Name = "Mouser Testing Price/Stock"; Value = ""; VariantName = "[No Variations]"
Added Pin To Net: NetName=+24V Pin=E1-A1
Added Pin To Net: NetName=+24V Pin=E1-A3
Added Pin To Net: NetName=+24V Pin=E1-B1
Added Pin To Net: NetName=+24V Pin=E1-B3
Added Pin To Net: NetName=+24V Pin=F6-2
Added Net: Name=+24V
Added Pin To Net: NetName=B3_RX Pin=IC1-53
Added Net: Name=B3_RX
Added Pin To Net: NetName=B3_TX Pin=IC1-54
Added Net: Name=B3_TX
Added Pin To Net: NetName=BOOT SEL Pin=P2-2
Added Pin To Net: NetName=BOOT SEL Pin=R1-2
Added Net: Name=BOOT SEL
Added Pin To Net: NetName=CAN_N Pin=E1-A8
Added Pin To Net: NetName=CAN_N Pin=E1-B2
Added Pin To Net: NetName=CAN_N Pin=IC1-15
Added Pin To Net: NetName=CAN_N Pin=R1-1
Added Net: Name=CAN_N
Added Pin To Net: NetName=CAN_P Pin=E1-A6
Added Pin To Net: NetName=CAN_P Pin=E1-B4
Added Pin To Net: NetName=CAN_P Pin=IC1-17
Added Net: Name=CAN_P
Added Pin To Net: NetName=CANGND Pin=C5-1
Added Pin To Net: NetName=CANGND Pin=C6-1
Added Pin To Net: NetName=CANGND Pin=C7-1
Added Pin To Net: NetName=CANGND Pin=E1-A2
Added Pin To Net: NetName=CANGND Pin=E1-B8
Added Pin To Net: NetName=CANGND Pin=E1-S1
Added Pin To Net: NetName=CANGND Pin=E1-S2
Added Pin To Net: NetName=CANGND Pin=E1-S3
Added Pin To Net: NetName=CANGND Pin=FB2-1
Added Pin To Net: NetName=CANGND Pin=IC1-11
Added Pin To Net: NetName=CANGND Pin=IC1-13
Added Pin To Net: NetName=CANGND Pin=IC1-16
Added Pin To Net: NetName=CANGND Pin=IC1-18
Added Pin To Net: NetName=CANGND Pin=IC1-20
Added Net: Name=CANGND
Added Pin To Net: NetName=CAN Rx Pin=IC1-4
Added Pin To Net: NetName=CAN Rx Pin=IC1-33
Added Net: Name=CAN Rx
Added Pin To Net: NetName=CAN Tx Pin=IC1-5
Added Pin To Net: NetName=CAN Tx Pin=IC1-34
Added Net: Name=CAN Tx
Added Pin To Net: NetName=CS_IMU Pin=IC1-26
Added Pin To Net: NetName=CS_IMU Pin=IMU1-3
Added Net: Name=CS_IMU
Added Pin To Net: NetName=CS_SD Pin=IC1-25
Added Pin To Net: NetName=CS_SD Pin=SD1-3
Added Net: Name=CS_SD
Added Pin To Net: NetName=Enable Pin=IC1-52
Added Net: Name=Enable
Added Pin To Net: NetName=GND Pin=C1-1
Added Pin To Net: NetName=GND Pin=C1-1
Added Pin To Net: NetName=GND Pin=C2-1
Added Pin To Net: NetName=GND Pin=C2-1
Added Pin To Net: NetName=GND Pin=C3-1
Added Pin To Net: NetName=GND Pin=C3-1
Added Pin To Net: NetName=GND Pin=C4-1
Added Pin To Net: NetName=GND Pin=C4-1
Added Pin To Net: NetName=GND Pin=C5-1
Added Pin To Net: NetName=GND Pin=C6-1
Added Pin To Net: NetName=GND Pin=C7-1
Added Pin To Net: NetName=GND Pin=C8-2
Added Pin To Net: NetName=GND Pin=C9-2
Added Pin To Net: NetName=GND Pin=C10-1
Added Pin To Net: NetName=GND Pin=C11-1
Added Pin To Net: NetName=GND Pin=C13-1
Added Pin To Net: NetName=GND Pin=C14-1
Added Pin To Net: NetName=GND Pin=C15-1
Added Pin To Net: NetName=GND Pin=C16-1
Added Pin To Net: NetName=GND Pin=C17-1
Added Pin To Net: NetName=GND Pin=C26-1
Added Pin To Net: NetName=GND Pin=C27-1
Added Pin To Net: NetName=GND Pin=C29-1
Added Pin To Net: NetName=GND Pin=C30-2
Added Pin To Net: NetName=GND Pin=C31-1
Added Pin To Net: NetName=GND Pin=D1-1
Added Pin To Net: NetName=GND Pin=E1-A5
Added Pin To Net: NetName=GND Pin=E1-A7
Added Pin To Net: NetName=GND Pin=E1-B5
Added Pin To Net: NetName=GND Pin=E1-B7
Added Pin To Net: NetName=GND Pin=GPS1-8
Added Pin To Net: NetName=GND Pin=GPS2-8
Added Pin To Net: NetName=GND Pin=IC1-1
Added Pin To Net: NetName=GND Pin=IC1-3
Added Pin To Net: NetName=GND Pin=IC1-7
Added Pin To Net: NetName=GND Pin=IC1-9
Added Pin To Net: NetName=GND Pin=IC1-10
Added Pin To Net: NetName=GND Pin=IC1-12
Added Pin To Net: NetName=GND Pin=IC1-18
Added Pin To Net: NetName=GND Pin=IC1-31
Added Pin To Net: NetName=GND Pin=IC1-47
Added Pin To Net: NetName=GND Pin=IC1-63
Added Pin To Net: NetName=GND Pin=IMU1-8
Added Pin To Net: NetName=GND Pin=IMU2-1
Added Pin To Net: NetName=GND Pin=IMU2-8
Added Pin To Net: NetName=GND Pin=LED1-1
Added Pin To Net: NetName=GND Pin=P1-3
Added Pin To Net: NetName=GND Pin=P2-1
Added Pin To Net: NetName=GND Pin=P3-2
Added Pin To Net: NetName=GND Pin=P3-16
Added Pin To Net: NetName=GND Pin=R4-1
Added Pin To Net: NetName=GND Pin=SD1-8
Added Pin To Net: NetName=GND Pin=SD2-8
Added Pin To Net: NetName=GND Pin=USB1-5
Added Net: Name=GND
Added Pin To Net: NetName=GPS_RX Pin=GPS2-4
Added Net: Name=GPS_RX
Added Pin To Net: NetName=GPS_TX Pin=GPS2-3
Added Net: Name=GPS_TX
Added Pin To Net: NetName=GPS Rx Pin=IC1-14
Added Net: Name=GPS Rx
Added Pin To Net: NetName=GPS Tx Pin=IC1-15
Added Net: Name=GPS Tx
Added Pin To Net: NetName=HSE IN Pin=IC1-5
Added Pin To Net: NetName=HSE IN Pin=Y1-1
Added Net: Name=HSE IN
Added Pin To Net: NetName=HSE OUT Pin=IC1-6
Added Pin To Net: NetName=HSE OUT Pin=Y1-3
Added Net: Name=HSE OUT
Added Pin To Net: NetName=LSE IN Pin=C4-2
Added Pin To Net: NetName=LSE IN Pin=IC1-3
Added Pin To Net: NetName=LSE IN Pin=Y2-2
Added Net: Name=LSE IN
Added Pin To Net: NetName=LSE OUT Pin=C7-2
Added Pin To Net: NetName=LSE OUT Pin=IC1-4
Added Pin To Net: NetName=LSE OUT Pin=Y2-1
Added Net: Name=LSE OUT
Added Pin To Net: NetName=MISO Pin=IC1-22
Added Pin To Net: NetName=MISO Pin=IMU1-5
Added Pin To Net: NetName=MISO Pin=P3-13
Added Pin To Net: NetName=MISO Pin=SD1-5
Added Net: Name=MISO
Added Pin To Net: NetName=MOSI Pin=IC1-23
Added Pin To Net: NetName=MOSI Pin=IMU1-6
Added Pin To Net: NetName=MOSI Pin=P3-14
Added Pin To Net: NetName=MOSI Pin=SD1-6
Added Net: Name=MOSI
Added Pin To Net: NetName=NetBluetooth1_6 Pin=F5-2
Added Net: Name=NetBluetooth1_6
Added Pin To Net: NetName=NetC8_1 Pin=C8-1
Added Pin To Net: NetName=NetC8_1 Pin=FB2-2
Added Net: Name=NetC8_1
Added Pin To Net: NetName=NetC10_2 Pin=C10-2
Added Pin To Net: NetName=NetC10_2 Pin=Y1-4
Added Net: Name=NetC10_2
Added Pin To Net: NetName=NetC11_2 Pin=C11-2
Added Pin To Net: NetName=NetC11_2 Pin=Y1-2
Added Net: Name=NetC11_2
Added Pin To Net: NetName=NetC12_2 Pin=IC1-30
Added Net: Name=NetC12_2
Added Pin To Net: NetName=NetC28_1 Pin=C28-1
Added Pin To Net: NetName=NetC28_1 Pin=C29-2
Added Pin To Net: NetName=NetC28_1 Pin=L1-2
Added Net: Name=NetC28_1
Added Pin To Net: NetName=NetC28_2 Pin=C28-2
Added Net: Name=NetC28_2
Added Pin To Net: NetName=NetC31_2 Pin=C31-2
Added Net: Name=NetC31_2
Added Pin To Net: NetName=NetD1_2 Pin=D1-2
Added Pin To Net: NetName=NetD1_2 Pin=R3-2
Added Net: Name=NetD1_2
Added Pin To Net: NetName=NetF1_2 Pin=F1-2
Added Pin To Net: NetName=NetF1_2 Pin=GPS1-7
Added Net: Name=NetF1_2
Added Pin To Net: NetName=NetF2_2 Pin=F2-2
Added Pin To Net: NetName=NetF2_2 Pin=GPS2-7
Added Net: Name=NetF2_2
Added Pin To Net: NetName=NetF3_2 Pin=F3-2
Added Pin To Net: NetName=NetF3_2 Pin=SD1-7
Added Net: Name=NetF3_2
Added Pin To Net: NetName=NetF4_2 Pin=F4-2
Added Pin To Net: NetName=NetF4_2 Pin=IMU1-7
Added Net: Name=NetF4_2
Added Pin To Net: NetName=NetF6_1 Pin=F6-1
Added Pin To Net: NetName=NetF6_1 Pin=R7-1
Added Net: Name=NetF6_1
Added Pin To Net: NetName=NetIC1_60 Pin=IC1-60
Added Pin To Net: NetName=NetIC1_60 Pin=R1-1
Added Net: Name=NetIC1_60
Added Pin To Net: NetName=NetIC4_6 Pin=R8-2
Added Net: Name=NetIC4_6
Added Pin To Net: NetName=NetIC4_10 Pin=R7-2
Added Net: Name=NetIC4_10
Added Pin To Net: NetName=NetLED1_2 Pin=LED1-2
Added Net: Name=NetLED1_2
Added Pin To Net: NetName=NetLED2_1 Pin=R4-2
Added Net: Name=NetLED2_1
Added Pin To Net: NetName=NetR1_2 Pin=R1-2
Added Net: Name=NetR1_2
Added Pin To Net: NetName=NRST Pin=C17-2
Added Pin To Net: NetName=NRST Pin=IC1-7
Added Pin To Net: NetName=NRST Pin=P1-5
Added Net: Name=NRST
Added Pin To Net: NetName=PA4 Pin=IC1-20
Added Pin To Net: NetName=PA4 Pin=P3-8
Added Net: Name=PA4
Added Pin To Net: NetName=PA8 Pin=IC1-41
Added Pin To Net: NetName=PA8 Pin=P3-5
Added Net: Name=PA8
Added Pin To Net: NetName=PA9 Pin=IC1-42
Added Pin To Net: NetName=PA9 Pin=P3-4
Added Net: Name=PA9
Added Pin To Net: NetName=PA10 Pin=IC1-43
Added Pin To Net: NetName=PA10 Pin=P3-3
Added Net: Name=PA10
Added Pin To Net: NetName=PB6 Pin=IC1-58
Added Pin To Net: NetName=PB6 Pin=P3-7
Added Net: Name=PB6
Added Pin To Net: NetName=PC6 Pin=IC1-37
Added Pin To Net: NetName=PC6 Pin=P3-11
Added Net: Name=PC6
Added Pin To Net: NetName=PC7 Pin=IC1-38
Added Pin To Net: NetName=PC7 Pin=P3-10
Added Net: Name=PC7
Added Pin To Net: NetName=PC8 Pin=IC1-39
Added Pin To Net: NetName=PC8 Pin=P3-9
Added Net: Name=PC8
Added Pin To Net: NetName=PC9 Pin=IC1-40
Added Pin To Net: NetName=PC9 Pin=P3-6
Added Net: Name=PC9
Added Pin To Net: NetName=SCLK Pin=IC1-21
Added Pin To Net: NetName=SCLK Pin=IMU1-4
Added Pin To Net: NetName=SCLK Pin=P3-12
Added Pin To Net: NetName=SCLK Pin=SD1-4
Added Net: Name=SCLK
Added Net: Name=State
Added Pin To Net: NetName=SUSP1 Pin=IC1-27
Added Net: Name=SUSP1
Added Pin To Net: NetName=SUSP2 Pin=IC1-9
Added Net: Name=SUSP2
Added Pin To Net: NetName=SWO Pin=IC1-55
Added Pin To Net: NetName=SWO Pin=P1-6
Added Net: Name=SWO
Added Pin To Net: NetName=TCK Pin=IC1-49
Added Pin To Net: NetName=TCK Pin=P1-2
Added Net: Name=TCK
Added Pin To Net: NetName=TMS Pin=IC1-46
Added Pin To Net: NetName=TMS Pin=P1-4
Added Net: Name=TMS
Added Pin To Net: NetName=USER LED Pin=IC1-36
Added Net: Name=USER LED
Added Pin To Net: NetName=VCC Pin=C3-2
Added Pin To Net: NetName=VCC Pin=C4-2
Added Pin To Net: NetName=VCC Pin=C27-2
Added Pin To Net: NetName=VCC Pin=C30-1
Added Pin To Net: NetName=VCC Pin=F2-1
Added Pin To Net: NetName=VCC Pin=F5-1
Added Pin To Net: NetName=VCC Pin=IC1-8
Added Pin To Net: NetName=VCC Pin=L1-1
Added Pin To Net: NetName=VCC Pin=P3-1
Added Pin To Net: NetName=VCC Pin=R3-1
Added Pin To Net: NetName=VCC Pin=R8-1
Added Pin To Net: NetName=VCC Pin=USB1-1
Added Net: Name=VCC
Added Pin To Net: NetName=VIO Pin=C1-2
Added Pin To Net: NetName=VIO Pin=C1-2
Added Pin To Net: NetName=VIO Pin=C2-2
Added Pin To Net: NetName=VIO Pin=C2-2
Added Pin To Net: NetName=VIO Pin=C3-2
Added Pin To Net: NetName=VIO Pin=C5-2
Added Pin To Net: NetName=VIO Pin=C6-2
Added Pin To Net: NetName=VIO Pin=C8-1
Added Pin To Net: NetName=VIO Pin=C9-1
Added Pin To Net: NetName=VIO Pin=C13-2
Added Pin To Net: NetName=VIO Pin=C14-2
Added Pin To Net: NetName=VIO Pin=C15-2
Added Pin To Net: NetName=VIO Pin=C16-2
Added Pin To Net: NetName=VIO Pin=C26-2
Added Pin To Net: NetName=VIO Pin=F1-1
Added Pin To Net: NetName=VIO Pin=F3-1
Added Pin To Net: NetName=VIO Pin=F4-1
Added Pin To Net: NetName=VIO Pin=IC1-1
Added Pin To Net: NetName=VIO Pin=IC1-6
Added Pin To Net: NetName=VIO Pin=IC1-13
Added Pin To Net: NetName=VIO Pin=IC1-19
Added Pin To Net: NetName=VIO Pin=IC1-32
Added Pin To Net: NetName=VIO Pin=IC1-48
Added Pin To Net: NetName=VIO Pin=IC1-64
Added Pin To Net: NetName=VIO Pin=P1-1
Added Pin To Net: NetName=VIO Pin=P2-3
Added Pin To Net: NetName=VIO Pin=P3-15
Added Net: Name=VIO
Added Pin To Net: NetName=VISOIN Pin=C5-2
Added Pin To Net: NetName=VISOIN Pin=C6-2
Added Pin To Net: NetName=VISOIN Pin=C8-2
Added Pin To Net: NetName=VISOIN Pin=FB1-2
Added Pin To Net: NetName=VISOIN Pin=IC1-19
Added Net: Name=VISOIN
Added Pin To Net: NetName=VISOOUT Pin=C7-2
Added Pin To Net: NetName=VISOOUT Pin=FB1-1
Added Pin To Net: NetName=VISOOUT Pin=IC1-12
Added Net: Name=VISOOUT
Added Class: Name=CAN
Added Class: Name=Componentes
Added Class: Name=MCU
Added Class: Name=Supply_ (1)
Added Differential Pair: Name=CAN
Added Room: Name=CAN
Added Room: Name=Componentes
Added Room: Name=MCU
Added Room: Name=Supply_ (1)
